=== Job started at: Thu Jul  2 19:09:07 CEST 2026 ===
=== Loading modules on compute node ===
Loading python/3.11.7
  Loading requirement: bzip2/1.0.8-ib3znej libmd/1.0.4-2km2lxx
    libbsd/0.12.1-oocs6an expat/2.6.2-p2t4wry ncurses/6.5-svfl57u
    readline/8.2-zeda6mx gdbm/1.23-wiol7vk libiconv/1.17-nhc3mhm
    xz/5.4.6-xxxg42c zlib-ng/2.1.6-jkgunjc libxml2/2.10.3-zbbe7lm
    pigz/2.8-5bwzpml zstd/1.5.6-uq5yyux tar/1.34-jgektnv gettext/0.22.5-hsxgafg
    libffi/3.4.6-4vs4jpp libxcrypt/4.4.35-7om46b5 sqlite/3.43.2-4kl5mnp
    util-linux-uuid/2.38.1-5achpds
=== Activating virtual environment ===
=== GPU Information ===
CUDA available: True
Device Name: NVIDIA A100-SXM-64GB
=== Running pipeline in test mode ===
==================================================================
AS-ALD in-silico co-scientist — end-to-end pipeline
==================================================================

[calc] loading MLIP...
cuequivariance or cuequivariance_torch is not available. Cuequivariance acceleration will be disabled.
Using model under Academic Software License (ASL) license, see https://github.com/gabor1/ASL 
 To use this model you accept the terms of the license.
Using Materials Project MACE for MACECalculator with /leonardo/home/userexternal/asathyan/.cache/mace/maceomat0mediummodel
Using float32 for MACECalculator, which is faster but less accurate. Recommended for MD. Use float64 for geometry optimization.
[calc] MACE-MP-0 loaded on cuda (dtype=float32)
[protocol] TEST mode (ultra-short MD; code-path validation only)

[Phase 1] Building SiO2 surfaces (test mode)...
    [cache] loaded bulk ← bulk_cache/SiO2_bulk_3dcca10c3b86bbb2.xyz (72 atoms)
      [passivation] resolved close contacts in 3 sweeps
    anneal + relax (84 atoms)...
      [pre-relax] step 25: fmax=0.651 eV/A (7s)
      [pre-relax] done: fmax=0.196 eV/A, converged (8s)
      [anneal] starting 300 steps @ 1000K (84 atoms; first force eval may take a few s to warm up)...
        [anneal] step     0/300  T=   847K  Epot=   -607.4eV    0.0 steps/s  ETA   infs  (elapsed    0s)
        [anneal] step    50/300  T=   505K  Epot=   -603.8eV   36.3 steps/s  ETA     7s  (elapsed    1s)
        [anneal] step   100/300  T=   576K  Epot=   -604.2eV   36.8 steps/s  ETA     5s  (elapsed    3s)
        [anneal] step   150/300  T=   588K  Epot=   -604.2eV   36.6 steps/s  ETA     4s  (elapsed    4s)
        [anneal] step   200/300  T=   664K  Epot=   -603.9eV   36.6 steps/s  ETA     3s  (elapsed    5s)
        [anneal] step   250/300  T=   640K  Epot=   -603.3eV   36.7 steps/s  ETA     1s  (elapsed    7s)
        [anneal] step   300/300  T=   675K  Epot=   -603.5eV   36.7 steps/s  ETA     0s  (elapsed    8s)
      [anneal] 1000K 0.6ps (300 steps) done in 8s
      [quench] 1000K -> 0K over 15 stages (0.6ps total)
      [quench 1/15] starting 20 steps @ 933K (84 atoms; first force eval may take a few s to warm up)...
        [quench 1/15] step     0/20  T=   675K  Epot=   -603.5eV    0.0 steps/s  ETA   infs  (elapsed    0s)
      [quench 1/15] 933K 0.04ps (20 steps) done in 1s
      [quench 2/15] starting 20 steps @ 867K (84 atoms; first force eval may take a few s to warm up)...
        [quench 2/15] step     0/20  T=   715K  Epot=   -603.6eV    0.0 steps/s  ETA   infs  (elapsed    0s)
      [quench 2/15] 867K 0.04ps (20 steps) done in 1s
      [quench 3/15] starting 20 steps @ 800K (84 atoms; first force eval may take a few s to warm up)...
        [quench 3/15] step     0/20  T=   801K  Epot=   -604.4eV    0.0 steps/s  ETA   infs  (elapsed    0s)
      [quench 3/15] 800K 0.04ps (20 steps) done in 1s
      [quench 4/15] starting 20 steps @ 733K (84 atoms; first force eval may take a few s to warm up)...
        [quench 4/15] step     0/20  T=   730K  Epot=   -603.4eV    0.0 steps/s  ETA   infs  (elapsed    0s)
      [quench 4/15] 733K 0.04ps (20 steps) done in 1s
      [quench 5/15] starting 20 steps @ 667K (84 atoms; first force eval may take a few s to warm up)...
        [quench 5/15] step     0/20  T=   772K  Epot=   -603.3eV    0.0 steps/s  ETA   infs  (elapsed    0s)
      [quench 5/15] 667K 0.04ps (20 steps) done in 1s
      [quench 6/15] starting 20 steps @ 600K (84 atoms; first force eval may take a few s to warm up)...
        [quench 6/15] step     0/20  T=   739K  Epot=   -603.2eV    0.0 steps/s  ETA   infs  (elapsed    0s)
      [quench 6/15] 600K 0.04ps (20 steps) done in 1s
      [quench 7/15] starting 20 steps @ 533K (84 atoms; first force eval may take a few s to warm up)...
        [quench 7/15] step     0/20  T=   658K  Epot=   -602.6eV    0.0 steps/s  ETA   infs  (elapsed    0s)
      [quench 7/15] 533K 0.04ps (20 steps) done in 1s
      [quench 8/15] starting 20 steps @ 467K (84 atoms; first force eval may take a few s to warm up)...
        [quench 8/15] step     0/20  T=  1202K  Epot=   -603.5eV    0.0 steps/s  ETA   infs  (elapsed    0s)
      [quench 8/15] 467K 0.04ps (20 steps) done in 1s
      [quench 9/15] starting 20 steps @ 400K (84 atoms; first force eval may take a few s to warm up)...
        [quench 9/15] step     0/20  T=   913K  Epot=   -602.0eV    0.0 steps/s  ETA   infs  (elapsed    0s)
      [quench 9/15] 400K 0.04ps (20 steps) done in 1s
      [quench 10/15] starting 20 steps @ 333K (84 atoms; first force eval may take a few s to warm up)...
        [quench 10/15] step     0/20  T=   867K  Epot=   -601.7eV    0.0 steps/s  ETA   infs  (elapsed    0s)
      [quench 10/15] 333K 0.04ps (20 steps) done in 1s
      [quench 11/15] starting 20 steps @ 267K (84 atoms; first force eval may take a few s to warm up)...
        [quench 11/15] step     0/20  T=   940K  Epot=   -602.5eV    0.0 steps/s  ETA   infs  (elapsed    0s)
      [quench 11/15] 267K 0.04ps (20 steps) done in 1s
      [quench 12/15] starting 20 steps @ 200K (84 atoms; first force eval may take a few s to warm up)...
        [quench 12/15] step     0/20  T=   919K  Epot=   -602.7eV    0.0 steps/s  ETA   infs  (elapsed    0s)
      [quench 12/15] 200K 0.04ps (20 steps) done in 1s
      [quench 13/15] starting 20 steps @ 133K (84 atoms; first force eval may take a few s to warm up)...
        [quench 13/15] step     0/20  T=   733K  Epot=   -601.5eV    0.0 steps/s  ETA   infs  (elapsed    0s)
      [quench 13/15] 133K 0.04ps (20 steps) done in 1s
      [quench 14/15] starting 20 steps @ 67K (84 atoms; first force eval may take a few s to warm up)...
        [quench 14/15] step     0/20  T=   875K  Epot=   -602.9eV    0.0 steps/s  ETA   infs  (elapsed    0s)
      [quench 14/15] 67K 0.04ps (20 steps) done in 1s
      [quench 15/15] starting 20 steps @ 1K (84 atoms; first force eval may take a few s to warm up)...
        [quench 15/15] step     0/20  T=   781K  Epot=   -602.6eV    0.0 steps/s  ETA   infs  (elapsed    0s)
      [quench 15/15] 1K 0.04ps (20 steps) done in 1s
      [surface-relax] step 25: fmax=0.191 eV/A (1s)
      [surface-relax] step 50: fmax=0.079 eV/A (2s)
      [surface-relax] done: fmax=0.047 eV/A, converged (2s)
      [passivation] resolved close contacts in 1 sweeps
    anneal + relax (85 atoms)...
      [pre-relax] step 25: fmax=1.219 eV/A (1s)
      [pre-relax] step 50: fmax=0.268 eV/A (2s)
      [pre-relax] done: fmax=0.387 eV/A, stopped (fmax=0.386722594499588) (2s)
      [anneal] starting 300 steps @ 1000K (85 atoms; first force eval may take a few s to warm up)...
        [anneal] step     0/300  T=   721K  Epot=   -619.0eV    0.0 steps/s  ETA   infs  (elapsed    0s)
        [anneal] step    50/300  T=   421K  Epot=   -615.2eV   36.9 steps/s  ETA     7s  (elapsed    1s)
        [anneal] step   100/300  T=   564K  Epot=   -615.3eV   37.1 steps/s  ETA     5s  (elapsed    3s)
        [anneal] step   150/300  T=   655K  Epot=   -614.9eV   37.1 steps/s  ETA     4s  (elapsed    4s)
        [anneal] step   200/300  T=   631K  Epot=   -614.8eV   37.0 steps/s  ETA     3s  (elapsed    5s)
        [anneal] step   250/300  T=   669K  Epot=   -614.8eV   36.9 steps/s  ETA     1s  (elapsed    7s)
        [anneal] step   300/300  T=   621K  Epot=   -613.7eV   37.2 steps/s  ETA     0s  (elapsed    8s)
      [anneal] 1000K 0.6ps (300 steps) done in 8s
      [quench] 1000K -> 0K over 15 stages (0.6ps total)
      [quench 1/15] starting 20 steps @ 933K (85 atoms; first force eval may take a few s to warm up)...
        [quench 1/15] step     0/20  T=   621K  Epot=   -613.7eV    0.0 steps/s  ETA   infs  (elapsed    0s)
      [quench 1/15] 933K 0.04ps (20 steps) done in 1s
      [quench 2/15] starting 20 steps @ 867K (85 atoms; first force eval may take a few s to warm up)...
        [quench 2/15] step     0/20  T=   569K  Epot=   -613.0eV    0.0 steps/s  ETA   infs  (elapsed    0s)
      [quench 2/15] 867K 0.04ps (20 steps) done in 1s
      [quench 3/15] starting 20 steps @ 800K (85 atoms; first force eval may take a few s to warm up)...
        [quench 3/15] step     0/20  T=   721K  Epot=   -614.3eV    0.0 steps/s  ETA   infs  (elapsed    0s)
      [quench 3/15] 800K 0.04ps (20 steps) done in 1s
      [quench 4/15] starting 20 steps @ 733K (85 atoms; first force eval may take a few s to warm up)...
        [quench 4/15] step     0/20  T=   743K  Epot=   -614.5eV    0.0 steps/s  ETA   infs  (elapsed    0s)
      [quench 4/15] 733K 0.04ps (20 steps) done in 1s
      [quench 5/15] starting 20 steps @ 667K (85 atoms; first force eval may take a few s to warm up)...
        [quench 5/15] step     0/20  T=   658K  Epot=   -613.9eV    0.0 steps/s  ETA   infs  (elapsed    0s)
      [quench 5/15] 667K 0.04ps (20 steps) done in 1s
      [quench 6/15] starting 20 steps @ 600K (85 atoms; first force eval may take a few s to warm up)...
        [quench 6/15] step     0/20  T=   716K  Epot=   -614.2eV    0.0 steps/s  ETA   infs  (elapsed    0s)
      [quench 6/15] 600K 0.04ps (20 steps) done in 1s
      [quench 7/15] starting 20 steps @ 533K (85 atoms; first force eval may take a few s to warm up)...
        [quench 7/15] step     0/20  T=   701K  Epot=   -614.2eV    0.0 steps/s  ETA   infs  (elapsed    0s)
      [quench 7/15] 533K 0.04ps (20 steps) done in 1s
      [quench 8/15] starting 20 steps @ 467K (85 atoms; first force eval may take a few s to warm up)...
        [quench 8/15] step     0/20  T=  1036K  Epot=   -614.0eV    0.0 steps/s  ETA   infs  (elapsed    0s)
      [quench 8/15] 467K 0.04ps (20 steps) done in 1s
      [quench 9/15] starting 20 steps @ 400K (85 atoms; first force eval may take a few s to warm up)...
        [quench 9/15] step     0/20  T=   735K  Epot=   -611.7eV    0.0 steps/s  ETA   infs  (elapsed    0s)
      [quench 9/15] 400K 0.04ps (20 steps) done in 1s
      [quench 10/15] starting 20 steps @ 333K (85 atoms; first force eval may take a few s to warm up)...
        [quench 10/15] step     0/20  T=   843K  Epot=   -612.7eV    0.0 steps/s  ETA   infs  (elapsed    0s)
      [quench 10/15] 333K 0.04ps (20 steps) done in 1s
      [quench 11/15] starting 20 steps @ 267K (85 atoms; first force eval may take a few s to warm up)...
        [quench 11/15] step     0/20  T=   904K  Epot=   -613.3eV    0.0 steps/s  ETA   infs  (elapsed    0s)
      [quench 11/15] 267K 0.04ps (20 steps) done in 1s
      [quench 12/15] starting 20 steps @ 200K (85 atoms; first force eval may take a few s to warm up)...
        [quench 12/15] step     0/20  T=   788K  Epot=   -612.7eV    0.0 steps/s  ETA   infs  (elapsed    0s)
      [quench 12/15] 200K 0.04ps (20 steps) done in 1s
      [quench 13/15] starting 20 steps @ 133K (85 atoms; first force eval may take a few s to warm up)...
        [quench 13/15] step     0/20  T=   595K  Epot=   -611.5eV    0.0 steps/s  ETA   infs  (elapsed    0s)
      [quench 13/15] 133K 0.04ps (20 steps) done in 1s
      [quench 14/15] starting 20 steps @ 67K (85 atoms; first force eval may take a few s to warm up)...
        [quench 14/15] step     0/20  T=   744K  Epot=   -613.3eV    0.0 steps/s  ETA   infs  (elapsed    0s)
      [quench 14/15] 67K 0.04ps (20 steps) done in 1s
      [quench 15/15] starting 20 steps @ 1K (85 atoms; first force eval may take a few s to warm up)...
        [quench 15/15] step     0/20  T=   778K  Epot=   -614.1eV    0.0 steps/s  ETA   infs  (elapsed    0s)
      [quench 15/15] 1K 0.04ps (20 steps) done in 1s
      [surface-relax] step 25: fmax=0.202 eV/A (1s)
      [surface-relax] step 50: fmax=0.101 eV/A (2s)
      [surface-relax] step 75: fmax=0.179 eV/A (2s)
      [surface-relax] done: fmax=0.044 eV/A, converged (3s)
[SiO2] bulk 0 term 0 (1500.0 K/ps): {'O_bridge': np.float64(7.77), 'OH': np.float64(2.99)} | strained=0 R=1.11 | REJECT (OH density 2.99 outside [4.92,7.46] nm^-2; O_bridge density 7.77 outside [0.66,7.06] nm^-2)
[SiO2] bulk 0 term 1 (1500.0 K/ps): {'O_bridge': np.float64(6.58), 'OH': np.float64(4.19)} | strained=0 R=1.05 | REJECT (OH density 4.19 outside [4.92,7.46] nm^-2)
  saved 0 SiO2 surface(s)

[Phase 1] Building SiNx surfaces (test mode)...
    [cache] loaded bulk ← bulk_cache/SiNx_bulk_3e2553893ebea410.xyz (104 atoms)
      [passivation] resolved close contacts in 2 sweeps
    anneal + relax (177 atoms)...
      [pre-relax] step 25: fmax=4.535 eV/A (1s)
      [pre-relax] step 50: fmax=3.110 eV/A (2s)
      [pre-relax] done: fmax=0.335 eV/A, stopped (fmax=0.3348926603794098) (3s)
      [anneal] starting 300 steps @ 1000K (177 atoms; first force eval may take a few s to warm up)...
        [anneal] step     0/300  T=   570K  Epot=  -1109.7eV    0.0 steps/s  ETA   infs  (elapsed    0s)
        [anneal] step    50/300  T=   451K  Epot=  -1105.3eV   29.8 steps/s  ETA     8s  (elapsed    2s)
        [anneal] step   100/300  T=   621K  Epot=  -1105.9eV   29.8 steps/s  ETA     7s  (elapsed    3s)
        [anneal] step   150/300  T=   663K  Epot=  -1105.4eV   28.5 steps/s  ETA     5s  (elapsed    5s)
        [anneal] step   200/300  T=   626K  Epot=  -1103.5eV   28.0 steps/s  ETA     4s  (elapsed    7s)
        [anneal] step   250/300  T=   669K  Epot=  -1102.6eV   29.6 steps/s  ETA     2s  (elapsed    9s)
        [anneal] step   300/300  T=   825K  Epot=  -1104.4eV   29.8 steps/s  ETA     0s  (elapsed   10s)
      [anneal] 1000K 0.6ps (300 steps) done in 10s
      [quench] 1000K -> 0K over 15 stages (0.6ps total)
      [quench 1/15] starting 20 steps @ 933K (177 atoms; first force eval may take a few s to warm up)...
        [quench 1/15] step     0/20  T=   825K  Epot=  -1104.4eV    0.0 steps/s  ETA   infs  (elapsed    0s)
      [quench 1/15] 933K 0.04ps (20 steps) done in 1s
      [quench 2/15] starting 20 steps @ 867K (177 atoms; first force eval may take a few s to warm up)...
        [quench 2/15] step     0/20  T=   933K  Epot=  -1105.8eV    0.0 steps/s  ETA   infs  (elapsed    0s)
      [quench 2/15] 867K 0.04ps (20 steps) done in 1s
      [quench 3/15] starting 20 steps @ 800K (177 atoms; first force eval may take a few s to warm up)...
        [quench 3/15] step     0/20  T=  1022K  Epot=  -1107.0eV    0.0 steps/s  ETA   infs  (elapsed    0s)
      [quench 3/15] 800K 0.04ps (20 steps) done in 1s
      [quench 4/15] starting 20 steps @ 733K (177 atoms; first force eval may take a few s to warm up)...
        [quench 4/15] step     0/20  T=   920K  Epot=  -1105.5eV    0.0 steps/s  ETA   infs  (elapsed    0s)
      [quench 4/15] 733K 0.04ps (20 steps) done in 1s
      [quench 5/15] starting 20 steps @ 667K (177 atoms; first force eval may take a few s to warm up)...
        [quench 5/15] step     0/20  T=   918K  Epot=  -1105.2eV    0.0 steps/s  ETA   infs  (elapsed    0s)
      [quench 5/15] 667K 0.04ps (20 steps) done in 1s
      [quench 6/15] starting 20 steps @ 600K (177 atoms; first force eval may take a few s to warm up)...
        [quench 6/15] step     0/20  T=   919K  Epot=  -1106.4eV    0.0 steps/s  ETA   infs  (elapsed    0s)
      [quench 6/15] 600K 0.04ps (20 steps) done in 1s
      [quench 7/15] starting 20 steps @ 533K (177 atoms; first force eval may take a few s to warm up)...
        [quench 7/15] step     0/20  T=   918K  Epot=  -1106.8eV    0.0 steps/s  ETA   infs  (elapsed    0s)
      [quench 7/15] 533K 0.04ps (20 steps) done in 1s
      [quench 8/15] starting 20 steps @ 467K (177 atoms; first force eval may take a few s to warm up)...
        [quench 8/15] step     0/20  T=  1834K  Epot=  -1104.8eV    0.0 steps/s  ETA   infs  (elapsed    0s)
      [quench 8/15] 467K 0.04ps (20 steps) done in 1s
      [quench 9/15] starting 20 steps @ 400K (177 atoms; first force eval may take a few s to warm up)...
        [quench 9/15] step     0/20  T=  1380K  Epot=  -1098.2eV    0.0 steps/s  ETA   infs  (elapsed    0s)
      [quench 9/15] 400K 0.04ps (20 steps) done in 1s
      [quench 10/15] starting 20 steps @ 333K (177 atoms; first force eval may take a few s to warm up)...
        [quench 10/15] step     0/20  T=  1435K  Epot=  -1100.5eV    0.0 steps/s  ETA   infs  (elapsed    0s)
      [quench 10/15] 333K 0.04ps (20 steps) done in 1s
      [quench 11/15] starting 20 steps @ 267K (177 atoms; first force eval may take a few s to warm up)...
        [quench 11/15] step     0/20  T=  1351K  Epot=  -1100.4eV    0.0 steps/s  ETA   infs  (elapsed    0s)
      [quench 11/15] 267K 0.04ps (20 steps) done in 1s
      [quench 12/15] starting 20 steps @ 200K (177 atoms; first force eval may take a few s to warm up)...
        [quench 12/15] step     0/20  T=  1307K  Epot=  -1100.8eV    0.0 steps/s  ETA   infs  (elapsed    0s)
      [quench 12/15] 200K 0.04ps (20 steps) done in 1s
      [quench 13/15] starting 20 steps @ 133K (177 atoms; first force eval may take a few s to warm up)...
        [quench 13/15] step     0/20  T=  1136K  Epot=  -1099.4eV    0.0 steps/s  ETA   infs  (elapsed    0s)
      [quench 13/15] 133K 0.04ps (20 steps) done in 1s
      [quench 14/15] starting 20 steps @ 67K (177 atoms; first force eval may take a few s to warm up)...
        [quench 14/15] step     0/20  T=  1123K  Epot=  -1100.7eV    0.0 steps/s  ETA   infs  (elapsed    0s)
      [quench 14/15] 67K 0.04ps (20 steps) done in 1s
      [quench 15/15] starting 20 steps @ 1K (177 atoms; first force eval may take a few s to warm up)...
        [quench 15/15] step     0/20  T=  1124K  Epot=  -1102.2eV    0.0 steps/s  ETA   infs  (elapsed    0s)
      [quench 15/15] 1K 0.04ps (20 steps) done in 1s
      [surface-relax] step 25: fmax=0.504 eV/A (1s)
      [surface-relax] step 50: fmax=0.226 eV/A (3s)
      [surface-relax] step 75: fmax=0.222 eV/A (4s)
      [surface-relax] step 100: fmax=0.094 eV/A (5s)
      [surface-relax] done: fmax=0.049 eV/A, converged (6s)
      [passivation] resolved close contacts in 2 sweeps
    anneal + relax (173 atoms)...
      [pre-relax] step 25: fmax=1.822 eV/A (1s)
      [pre-relax] step 50: fmax=1.014 eV/A (2s)
      [pre-relax] done: fmax=0.439 eV/A, stopped (fmax=0.43853560090065) (3s)
      [anneal] starting 300 steps @ 1000K (173 atoms; first force eval may take a few s to warm up)...
        [anneal] step     0/300  T=   626K  Epot=  -1092.4eV    0.0 steps/s  ETA   infs  (elapsed    0s)
        [anneal] step    50/300  T=   419K  Epot=  -1086.8eV   30.0 steps/s  ETA     8s  (elapsed    2s)
        [anneal] step   100/300  T=   712K  Epot=  -1090.6eV   29.3 steps/s  ETA     7s  (elapsed    3s)
        [anneal] step   150/300  T=   722K  Epot=  -1089.7eV   29.7 steps/s  ETA     5s  (elapsed    5s)
        [anneal] step   200/300  T=   900K  Epot=  -1091.6eV   28.7 steps/s  ETA     3s  (elapsed    7s)
        [anneal] step   250/300  T=   911K  Epot=  -1091.6eV   28.7 steps/s  ETA     2s  (elapsed    9s)
        [anneal] step   300/300  T=   886K  Epot=  -1091.0eV   29.4 steps/s  ETA     0s  (elapsed   10s)
      [anneal] 1000K 0.6ps (300 steps) done in 10s
      [quench] 1000K -> 0K over 15 stages (0.6ps total)
      [quench 1/15] starting 20 steps @ 933K (173 atoms; first force eval may take a few s to warm up)...
        [quench 1/15] step     0/20  T=   886K  Epot=  -1091.0eV    0.0 steps/s  ETA   infs  (elapsed    0s)
      [quench 1/15] 933K 0.04ps (20 steps) done in 1s
      [quench 2/15] starting 20 steps @ 867K (173 atoms; first force eval may take a few s to warm up)...
        [quench 2/15] step     0/20  T=   821K  Epot=  -1090.3eV    0.0 steps/s  ETA   infs  (elapsed    0s)
      [quench 2/15] 867K 0.04ps (20 steps) done in 1s
      [quench 3/15] starting 20 steps @ 800K (173 atoms; first force eval may take a few s to warm up)...
        [quench 3/15] step     0/20  T=   901K  Epot=  -1091.8eV    0.0 steps/s  ETA   infs  (elapsed    0s)
      [quench 3/15] 800K 0.04ps (20 steps) done in 1s
      [quench 4/15] starting 20 steps @ 733K (173 atoms; first force eval may take a few s to warm up)...
        [quench 4/15] step     0/20  T=   851K  Epot=  -1091.2eV    0.0 steps/s  ETA   infs  (elapsed    0s)
      [quench 4/15] 733K 0.04ps (20 steps) done in 1s
      [quench 5/15] starting 20 steps @ 667K (173 atoms; first force eval may take a few s to warm up)...
        [quench 5/15] step     0/20  T=   830K  Epot=  -1091.4eV    0.0 steps/s  ETA   infs  (elapsed    0s)
      [quench 5/15] 667K 0.04ps (20 steps) done in 1s
      [quench 6/15] starting 20 steps @ 600K (173 atoms; first force eval may take a few s to warm up)...
        [quench 6/15] step     0/20  T=   821K  Epot=  -1091.7eV    0.0 steps/s  ETA   infs  (elapsed    0s)
      [quench 6/15] 600K 0.04ps (20 steps) done in 1s
      [quench 7/15] starting 20 steps @ 533K (173 atoms; first force eval may take a few s to warm up)...
        [quench 7/15] step     0/20  T=   829K  Epot=  -1092.1eV    0.0 steps/s  ETA   infs  (elapsed    0s)
      [quench 7/15] 533K 0.04ps (20 steps) done in 1s
      [quench 8/15] starting 20 steps @ 467K (173 atoms; first force eval may take a few s to warm up)...
        [quench 8/15] step     0/20  T=  2045K  Epot=  -1092.3eV    0.0 steps/s  ETA   infs  (elapsed    0s)
      [quench 8/15] 467K 0.04ps (20 steps) done in 1s
      [quench 9/15] starting 20 steps @ 400K (173 atoms; first force eval may take a few s to warm up)...
        [quench 9/15] step     0/20  T=  1516K  Epot=  -1077.3eV    0.0 steps/s  ETA   infs  (elapsed    0s)
      [quench 9/15] 400K 0.04ps (20 steps) done in 1s
      [quench 10/15] starting 20 steps @ 333K (173 atoms; first force eval may take a few s to warm up)...
        [quench 10/15] step     0/20  T=  1525K  Epot=  -1078.7eV    0.0 steps/s  ETA   infs  (elapsed    0s)
      [quench 10/15] 333K 0.04ps (20 steps) done in 1s
      [quench 11/15] starting 20 steps @ 267K (173 atoms; first force eval may take a few s to warm up)...
        [quench 11/15] step     0/20  T=  1520K  Epot=  -1080.4eV    0.0 steps/s  ETA   infs  (elapsed    0s)
      [quench 11/15] 267K 0.04ps (20 steps) done in 1s
      [quench 12/15] starting 20 steps @ 200K (173 atoms; first force eval may take a few s to warm up)...
        [quench 12/15] step     0/20  T=  1539K  Epot=  -1082.5eV    0.0 steps/s  ETA   infs  (elapsed    0s)
      [quench 12/15] 200K 0.04ps (20 steps) done in 1s
      [quench 13/15] starting 20 steps @ 133K (173 atoms; first force eval may take a few s to warm up)...
        [quench 13/15] step     0/20  T=  1490K  Epot=  -1083.6eV    0.0 steps/s  ETA   infs  (elapsed    0s)
      [quench 13/15] 133K 0.04ps (20 steps) done in 1s
      [quench 14/15] starting 20 steps @ 67K (173 atoms; first force eval may take a few s to warm up)...
        [quench 14/15] step     0/20  T=  1396K  Epot=  -1083.9eV    0.0 steps/s  ETA   infs  (elapsed    0s)
      [quench 14/15] 67K 0.04ps (20 steps) done in 1s
      [quench 15/15] starting 20 steps @ 1K (173 atoms; first force eval may take a few s to warm up)...
        [quench 15/15] step     0/20  T=  1207K  Epot=  -1082.8eV    0.0 steps/s  ETA   infs  (elapsed    0s)
      [quench 15/15] 1K 0.04ps (20 steps) done in 1s
      [surface-relax] step 25: fmax=0.483 eV/A (1s)
      [surface-relax] step 50: fmax=0.194 eV/A (2s)
      [surface-relax] step 75: fmax=0.141 eV/A (4s)
      [surface-relax] step 100: fmax=0.072 eV/A (5s)
      [surface-relax] step 125: fmax=0.074 eV/A (6s)
      [surface-relax] done: fmax=0.048 eV/A, converged (6s)
[SiNx] bulk 0 term 0 (2000.0 K/ps): {'NH_bridge': np.float64(3.49), 'O_bridge': np.float64(0.25), 'OH': np.float64(0.5), 'NH2': np.float64(3.24)} | strained=2 R=1.45 | ACCEPT
[SiNx] bulk 0 term 1 (2000.0 K/ps): {'NH_bridge': np.float64(2.0), 'O_bridge': np.float64(1.5), 'NH2': np.float64(1.25)} | strained=0 R=0.99 | REJECT (NH2 density 1.25 outside [1.26,6.56] nm^-2)
  saved 1 SiNx surface(s)

[Phase 0] Structural validation
  [Phase 0] SiNx[0]: area=7.90 nm^2, structure off-target (2/4)

[Phase 2] Energetics screen
  [energetics] DMATMS         on SiO2 : dE_mean=  n/a eV  dE_min=+nan eV (0 surf)
  [energetics] DMATMS         on SiNx : dE_mean=+1.07 eV  dE_min=-0.31 eV (1 surf)
  [energetics] TMCS           on SiO2 : dE_mean=  n/a eV  dE_min=+nan eV (0 surf)
  [energetics] TMCS           on SiNx : dE_mean=+0.96 eV  dE_min=+0.19 eV (1 surf)
  [energetics] NH3            on SiO2 : dE_mean=  n/a eV  dE_min=+nan eV (0 surf)
  [energetics] NH3            on SiNx : dE_mean=-0.97 eV  dE_min=-1.38 eV (1 surf)
  [energetics] dimethylamine  on SiO2 : dE_mean=  n/a eV  dE_min=+nan eV (0 surf)
  [energetics] dimethylamine  on SiNx : dE_mean=-0.59 eV  dE_min=-0.96 eV (1 surf)
  [energetics] pyridine       on SiO2 : dE_mean=  n/a eV  dE_min=+nan eV (0 surf)
  [energetics] pyridine       on SiNx : dE_mean=-0.53 eV  dE_min=-1.24 eV (1 surf)
  [energetics] BDMAS          on SiO2 : dE_mean=  n/a eV  dE_min=+nan eV (0 surf)
  [energetics] BDMAS          on SiNx : dE_mean=-4.47 eV  dE_min=-5.22 eV (1 surf)
  [energetics] SiCl4          on SiO2 : dE_mean=  n/a eV  dE_min=+nan eV (0 surf)
  [energetics] SiCl4          on SiNx : dE_mean=-48.76 eV  dE_min=-49.51 eV (1 surf)
  [energetics] H2O            on SiO2 : dE_mean=  n/a eV  dE_min=+nan eV (0 surf)
  [energetics] H2O            on SiNx : dE_mean=-0.73 eV  dE_min=-0.76 eV (1 surf)

[Phase 3] Selection agent
