=== Job started at: Thu Jul  2 18:56:23 CEST 2026 ===
=== Loading modules on compute node ===
Loading python/3.11.7
  Loading requirement: bzip2/1.0.8-ib3znej libmd/1.0.4-2km2lxx
    libbsd/0.12.1-oocs6an expat/2.6.2-p2t4wry ncurses/6.5-svfl57u
    readline/8.2-zeda6mx gdbm/1.23-wiol7vk libiconv/1.17-nhc3mhm
    xz/5.4.6-xxxg42c zlib-ng/2.1.6-jkgunjc libxml2/2.10.3-zbbe7lm
    pigz/2.8-5bwzpml zstd/1.5.6-uq5yyux tar/1.34-jgektnv gettext/0.22.5-hsxgafg
    libffi/3.4.6-4vs4jpp libxcrypt/4.4.35-7om46b5 sqlite/3.43.2-4kl5mnp
    util-linux-uuid/2.38.1-5achpds
=== Activating virtual environment ===
=== GPU Information ===
CUDA available: True
Device Name: NVIDIA A100-SXM-64GB
=== Running pipeline in test mode ===
==================================================================
AS-ALD in-silico co-scientist — end-to-end pipeline
==================================================================

[calc] loading MLIP...
cuequivariance or cuequivariance_torch is not available. Cuequivariance acceleration will be disabled.
Using model under Academic Software License (ASL) license, see https://github.com/gabor1/ASL 
 To use this model you accept the terms of the license.
Using Materials Project MACE for MACECalculator with /leonardo/home/userexternal/asathyan/.cache/mace/maceomat0mediummodel
Using float32 for MACECalculator, which is faster but less accurate. Recommended for MD. Use float64 for geometry optimization.
[calc] MACE-MP-0 loaded on cuda (dtype=float32)
[protocol] TEST mode (ultra-short MD; code-path validation only)

[Phase 1] Building SiO2 surfaces (test mode)...
    [cache] loaded bulk ← bulk_cache/SiO2_bulk_3dcca10c3b86bbb2.xyz (72 atoms)
      [passivation] resolved close contacts in 3 sweeps
    anneal + relax (84 atoms)...
      [pre-relax] step 25: fmax=0.651 eV/A (7s)
      [pre-relax] done: fmax=0.196 eV/A, converged (7s)
      [anneal] starting 300 steps @ 1000K (84 atoms; first force eval may take a few s to warm up)...
        [anneal] step     0/300  T=   820K  Epot=   -607.4eV    0.0 steps/s  ETA   infs  (elapsed    0s)
        [anneal] step    50/300  T=   510K  Epot=   -604.3eV   38.9 steps/s  ETA     6s  (elapsed    1s)
        [anneal] step   100/300  T=   602K  Epot=   -604.6eV   39.1 steps/s  ETA     5s  (elapsed    3s)
        [anneal] step   150/300  T=   615K  Epot=   -603.7eV   39.1 steps/s  ETA     4s  (elapsed    4s)
        [anneal] step   200/300  T=   631K  Epot=   -603.0eV   39.0 steps/s  ETA     3s  (elapsed    5s)
        [anneal] step   250/300  T=   839K  Epot=   -603.6eV   39.0 steps/s  ETA     1s  (elapsed    6s)
        [anneal] step   300/300  T=   794K  Epot=   -602.3eV   38.9 steps/s  ETA     0s  (elapsed    8s)
      [anneal] 1000K 0.6ps (300 steps) done in 8s
      [quench] 1000K -> 0K over 15 stages (0.6ps total)
      [quench 1/15] starting 20 steps @ 933K (84 atoms; first force eval may take a few s to warm up)...
        [quench 1/15] step     0/20  T=   794K  Epot=   -602.3eV    0.0 steps/s  ETA   infs  (elapsed    0s)
      [quench 1/15] 933K 0.04ps (20 steps) done in 1s
      [quench 2/15] starting 20 steps @ 867K (84 atoms; first force eval may take a few s to warm up)...
        [quench 2/15] step     0/20  T=   908K  Epot=   -603.1eV    0.0 steps/s  ETA   infs  (elapsed    0s)
      [quench 2/15] 867K 0.04ps (20 steps) done in 1s
      [quench 3/15] starting 20 steps @ 800K (84 atoms; first force eval may take a few s to warm up)...
        [quench 3/15] step     0/20  T=   879K  Epot=   -603.0eV    0.0 steps/s  ETA   infs  (elapsed    0s)
      [quench 3/15] 800K 0.04ps (20 steps) done in 1s
      [quench 4/15] starting 20 steps @ 733K (84 atoms; first force eval may take a few s to warm up)...
        [quench 4/15] step     0/20  T=   740K  Epot=   -602.0eV    0.0 steps/s  ETA   infs  (elapsed    0s)
      [quench 4/15] 733K 0.04ps (20 steps) done in 1s
      [quench 5/15] starting 20 steps @ 667K (84 atoms; first force eval may take a few s to warm up)...
        [quench 5/15] step     0/20  T=   836K  Epot=   -602.7eV    0.0 steps/s  ETA   infs  (elapsed    0s)
      [quench 5/15] 667K 0.04ps (20 steps) done in 1s
      [quench 6/15] starting 20 steps @ 600K (84 atoms; first force eval may take a few s to warm up)...
        [quench 6/15] step     0/20  T=   660K  Epot=   -601.5eV    0.0 steps/s  ETA   infs  (elapsed    0s)
      [quench 6/15] 600K 0.04ps (20 steps) done in 1s
      [quench 7/15] starting 20 steps @ 533K (84 atoms; first force eval may take a few s to warm up)...
        [quench 7/15] step     0/20  T=   927K  Epot=   -603.2eV    0.0 steps/s  ETA   infs  (elapsed    0s)
      [quench 7/15] 533K 0.04ps (20 steps) done in 1s
      [quench 8/15] starting 20 steps @ 467K (84 atoms; first force eval may take a few s to warm up)...
        [quench 8/15] step     0/20  T=  1129K  Epot=   -602.6eV    0.0 steps/s  ETA   infs  (elapsed    0s)
      [quench 8/15] 467K 0.04ps (20 steps) done in 1s
      [quench 9/15] starting 20 steps @ 400K (84 atoms; first force eval may take a few s to warm up)...
        [quench 9/15] step     0/20  T=   990K  Epot=   -602.1eV    0.0 steps/s  ETA   infs  (elapsed    0s)
      [quench 9/15] 400K 0.04ps (20 steps) done in 1s
      [quench 10/15] starting 20 steps @ 333K (84 atoms; first force eval may take a few s to warm up)...
        [quench 10/15] step     0/20  T=   855K  Epot=   -601.5eV    0.0 steps/s  ETA   infs  (elapsed    0s)
      [quench 10/15] 333K 0.04ps (20 steps) done in 1s
      [quench 11/15] starting 20 steps @ 267K (84 atoms; first force eval may take a few s to warm up)...
        [quench 11/15] step     0/20  T=   835K  Epot=   -601.9eV    0.0 steps/s  ETA   infs  (elapsed    0s)
      [quench 11/15] 267K 0.04ps (20 steps) done in 1s
      [quench 12/15] starting 20 steps @ 200K (84 atoms; first force eval may take a few s to warm up)...
        [quench 12/15] step     0/20  T=   826K  Epot=   -602.2eV    0.0 steps/s  ETA   infs  (elapsed    0s)
      [quench 12/15] 200K 0.04ps (20 steps) done in 1s
      [quench 13/15] starting 20 steps @ 133K (84 atoms; first force eval may take a few s to warm up)...
        [quench 13/15] step     0/20  T=   818K  Epot=   -602.7eV    0.0 steps/s  ETA   infs  (elapsed    0s)
      [quench 13/15] 133K 0.04ps (20 steps) done in 1s
      [quench 14/15] starting 20 steps @ 67K (84 atoms; first force eval may take a few s to warm up)...
        [quench 14/15] step     0/20  T=   786K  Epot=   -602.6eV    0.0 steps/s  ETA   infs  (elapsed    0s)
      [quench 14/15] 67K 0.04ps (20 steps) done in 1s
      [quench 15/15] starting 20 steps @ 1K (84 atoms; first force eval may take a few s to warm up)...
        [quench 15/15] step     0/20  T=   712K  Epot=   -602.6eV    0.0 steps/s  ETA   infs  (elapsed    0s)
      [quench 15/15] 1K 0.04ps (20 steps) done in 1s
      [surface-relax] step 25: fmax=0.147 eV/A (1s)
      [surface-relax] step 50: fmax=0.097 eV/A (2s)
      [surface-relax] step 75: fmax=0.110 eV/A (2s)
      [surface-relax] step 100: fmax=0.301 eV/A (3s)
      [surface-relax] done: fmax=0.050 eV/A, converged (3s)
      [passivation] resolved close contacts in 1 sweeps
    anneal + relax (85 atoms)...
      [pre-relax] step 25: fmax=1.219 eV/A (1s)
      [pre-relax] step 50: fmax=0.268 eV/A (2s)
      [pre-relax] done: fmax=0.387 eV/A, stopped (fmax=0.386540025472641) (2s)
      [anneal] starting 300 steps @ 1000K (85 atoms; first force eval may take a few s to warm up)...
        [anneal] step     0/300  T=   921K  Epot=   -619.0eV    0.0 steps/s  ETA   infs  (elapsed    0s)
        [anneal] step    50/300  T=   566K  Epot=   -615.2eV   38.8 steps/s  ETA     6s  (elapsed    1s)
        [anneal] step   100/300  T=   559K  Epot=   -614.3eV   38.9 steps/s  ETA     5s  (elapsed    3s)
        [anneal] step   150/300  T=   646K  Epot=   -614.4eV   38.8 steps/s  ETA     4s  (elapsed    4s)
        [anneal] step   200/300  T=   726K  Epot=   -614.7eV   38.5 steps/s  ETA     3s  (elapsed    5s)
        [anneal] step   250/300  T=   726K  Epot=   -614.3eV   38.7 steps/s  ETA     1s  (elapsed    6s)
        [anneal] step   300/300  T=   633K  Epot=   -613.2eV   38.8 steps/s  ETA     0s  (elapsed    8s)
      [anneal] 1000K 0.6ps (300 steps) done in 8s
      [quench] 1000K -> 0K over 15 stages (0.6ps total)
      [quench 1/15] starting 20 steps @ 933K (85 atoms; first force eval may take a few s to warm up)...
        [quench 1/15] step     0/20  T=   633K  Epot=   -613.2eV    0.0 steps/s  ETA   infs  (elapsed    0s)
      [quench 1/15] 933K 0.04ps (20 steps) done in 1s
      [quench 2/15] starting 20 steps @ 867K (85 atoms; first force eval may take a few s to warm up)...
        [quench 2/15] step     0/20  T=   727K  Epot=   -614.0eV    0.0 steps/s  ETA   infs  (elapsed    0s)
      [quench 2/15] 867K 0.04ps (20 steps) done in 1s
      [quench 3/15] starting 20 steps @ 800K (85 atoms; first force eval may take a few s to warm up)...
        [quench 3/15] step     0/20  T=   765K  Epot=   -614.1eV    0.0 steps/s  ETA   infs  (elapsed    0s)
      [quench 3/15] 800K 0.04ps (20 steps) done in 1s
      [quench 4/15] starting 20 steps @ 733K (85 atoms; first force eval may take a few s to warm up)...
        [quench 4/15] step     0/20  T=   716K  Epot=   -613.3eV    0.0 steps/s  ETA   infs  (elapsed    0s)
      [quench 4/15] 733K 0.04ps (20 steps) done in 1s
      [quench 5/15] starting 20 steps @ 667K (85 atoms; first force eval may take a few s to warm up)...
        [quench 5/15] step     0/20  T=   680K  Epot=   -613.0eV    0.0 steps/s  ETA   infs  (elapsed    0s)
      [quench 5/15] 667K 0.04ps (20 steps) done in 1s
      [quench 6/15] starting 20 steps @ 600K (85 atoms; first force eval may take a few s to warm up)...
        [quench 6/15] step     0/20  T=   746K  Epot=   -613.6eV    0.0 steps/s  ETA   infs  (elapsed    0s)
      [quench 6/15] 600K 0.04ps (20 steps) done in 1s
      [quench 7/15] starting 20 steps @ 533K (85 atoms; first force eval may take a few s to warm up)...
        [quench 7/15] step     0/20  T=   793K  Epot=   -613.8eV    0.0 steps/s  ETA   infs  (elapsed    0s)
      [quench 7/15] 533K 0.04ps (20 steps) done in 1s
      [quench 8/15] starting 20 steps @ 467K (85 atoms; first force eval may take a few s to warm up)...
        [quench 8/15] step     0/20  T=  1058K  Epot=   -613.2eV    0.0 steps/s  ETA   infs  (elapsed    0s)
      [quench 8/15] 467K 0.04ps (20 steps) done in 1s
      [quench 9/15] starting 20 steps @ 400K (85 atoms; first force eval may take a few s to warm up)...
        [quench 9/15] step     0/20  T=   856K  Epot=   -611.5eV    0.0 steps/s  ETA   infs  (elapsed    0s)
      [quench 9/15] 400K 0.04ps (20 steps) done in 1s
      [quench 10/15] starting 20 steps @ 333K (85 atoms; first force eval may take a few s to warm up)...
        [quench 10/15] step     0/20  T=   781K  Epot=   -611.2eV    0.0 steps/s  ETA   infs  (elapsed    0s)
      [quench 10/15] 333K 0.04ps (20 steps) done in 1s
      [quench 11/15] starting 20 steps @ 267K (85 atoms; first force eval may take a few s to warm up)...
        [quench 11/15] step     0/20  T=   879K  Epot=   -612.5eV    0.0 steps/s  ETA   infs  (elapsed    0s)
      [quench 11/15] 267K 0.04ps (20 steps) done in 1s
      [quench 12/15] starting 20 steps @ 200K (85 atoms; first force eval may take a few s to warm up)...
        [quench 12/15] step     0/20  T=   827K  Epot=   -612.4eV    0.0 steps/s  ETA   infs  (elapsed    0s)
      [quench 12/15] 200K 0.04ps (20 steps) done in 1s
      [quench 13/15] starting 20 steps @ 133K (85 atoms; first force eval may take a few s to warm up)...
        [quench 13/15] step     0/20  T=   787K  Epot=   -612.6eV    0.0 steps/s  ETA   infs  (elapsed    0s)
      [quench 13/15] 133K 0.04ps (20 steps) done in 1s
      [quench 14/15] starting 20 steps @ 67K (85 atoms; first force eval may take a few s to warm up)...
        [quench 14/15] step     0/20  T=   616K  Epot=   -611.6eV    0.0 steps/s  ETA   infs  (elapsed    0s)
      [quench 14/15] 67K 0.04ps (20 steps) done in 1s
      [quench 15/15] starting 20 steps @ 1K (85 atoms; first force eval may take a few s to warm up)...
        [quench 15/15] step     0/20  T=   691K  Epot=   -612.7eV    0.0 steps/s  ETA   infs  (elapsed    0s)
      [quench 15/15] 1K 0.04ps (20 steps) done in 1s
      [surface-relax] step 25: fmax=0.263 eV/A (1s)
      [surface-relax] step 50: fmax=0.203 eV/A (2s)
      [surface-relax] step 75: fmax=0.086 eV/A (3s)
      [surface-relax] done: fmax=0.046 eV/A, converged (3s)
[SiO2] bulk 0 term 0 (1500.0 K/ps): {'O_bridge': np.float64(6.58), 'OH': np.float64(3.59)} | strained=0 R=1.0 | REJECT (OH density 3.59 outside [4.92,7.46] nm^-2)
[SiO2] bulk 0 term 1 (1500.0 K/ps): {'O_bridge': np.float64(7.17), 'OH': np.float64(4.78)} | strained=0 R=1.07 | REJECT (OH density 4.78 outside [4.92,7.46] nm^-2; O_bridge density 7.17 outside [0.66,7.06] nm^-2)
  saved 0 SiO2 surface(s)

[Phase 1] Building SiNx surfaces (test mode)...
    [cache] loaded bulk ← bulk_cache/SiNx_bulk_3e2553893ebea410.xyz (104 atoms)
      [passivation] resolved close contacts in 2 sweeps
    anneal + relax (177 atoms)...
      [pre-relax] step 25: fmax=4.535 eV/A (1s)
      [pre-relax] step 50: fmax=3.113 eV/A (3s)
      [pre-relax] done: fmax=0.335 eV/A, stopped (fmax=0.33494576811790466) (3s)
      [anneal] starting 300 steps @ 1000K (177 atoms; first force eval may take a few s to warm up)...
        [anneal] step     0/300  T=   607K  Epot=  -1109.7eV    0.0 steps/s  ETA   infs  (elapsed    0s)
        [anneal] step    50/300  T=   446K  Epot=  -1105.4eV   30.8 steps/s  ETA     8s  (elapsed    2s)
        [anneal] step   100/300  T=   567K  Epot=  -1106.2eV   30.6 steps/s  ETA     7s  (elapsed    3s)
        [anneal] step   150/300  T=   625K  Epot=  -1106.2eV   30.7 steps/s  ETA     5s  (elapsed    5s)
        [anneal] step   200/300  T=   614K  Epot=  -1104.8eV   30.7 steps/s  ETA     3s  (elapsed    7s)
        [anneal] step   250/300  T=   749K  Epot=  -1106.9eV   30.8 steps/s  ETA     2s  (elapsed    8s)
        [anneal] step   300/300  T=   720K  Epot=  -1106.5eV   30.8 steps/s  ETA     0s  (elapsed   10s)
      [anneal] 1000K 0.6ps (300 steps) done in 10s
      [quench] 1000K -> 0K over 15 stages (0.6ps total)
      [quench 1/15] starting 20 steps @ 933K (177 atoms; first force eval may take a few s to warm up)...
        [quench 1/15] step     0/20  T=   720K  Epot=  -1106.5eV    0.0 steps/s  ETA   infs  (elapsed    0s)
      [quench 1/15] 933K 0.04ps (20 steps) done in 1s
      [quench 2/15] starting 20 steps @ 867K (177 atoms; first force eval may take a few s to warm up)...
        [quench 2/15] step     0/20  T=   692K  Epot=  -1105.8eV    0.0 steps/s  ETA   infs  (elapsed    0s)
      [quench 2/15] 867K 0.04ps (20 steps) done in 1s
      [quench 3/15] starting 20 steps @ 800K (177 atoms; first force eval may take a few s to warm up)...
        [quench 3/15] step     0/20  T=   769K  Epot=  -1107.3eV    0.0 steps/s  ETA   infs  (elapsed    0s)
      [quench 3/15] 800K 0.04ps (20 steps) done in 1s
      [quench 4/15] starting 20 steps @ 733K (177 atoms; first force eval may take a few s to warm up)...
        [quench 4/15] step     0/20  T=   799K  Epot=  -1107.7eV    0.0 steps/s  ETA   infs  (elapsed    0s)
      [quench 4/15] 733K 0.04ps (20 steps) done in 1s
      [quench 5/15] starting 20 steps @ 667K (177 atoms; first force eval may take a few s to warm up)...
        [quench 5/15] step     0/20  T=   730K  Epot=  -1106.3eV    0.0 steps/s  ETA   infs  (elapsed    0s)
      [quench 5/15] 667K 0.04ps (20 steps) done in 1s
      [quench 6/15] starting 20 steps @ 600K (177 atoms; first force eval may take a few s to warm up)...
        [quench 6/15] step     0/20  T=   783K  Epot=  -1107.1eV    0.0 steps/s  ETA   infs  (elapsed    0s)
      [quench 6/15] 600K 0.04ps (20 steps) done in 1s
      [quench 7/15] starting 20 steps @ 533K (177 atoms; first force eval may take a few s to warm up)...
        [quench 7/15] step     0/20  T=   818K  Epot=  -1107.8eV    0.0 steps/s  ETA   infs  (elapsed    0s)
      [quench 7/15] 533K 0.04ps (20 steps) done in 1s
      [quench 8/15] starting 20 steps @ 467K (177 atoms; first force eval may take a few s to warm up)...
        [quench 8/15] step     0/20  T=  1974K  Epot=  -1108.1eV    0.0 steps/s  ETA   infs  (elapsed    0s)
      [quench 8/15] 467K 0.04ps (20 steps) done in 1s
      [quench 9/15] starting 20 steps @ 400K (177 atoms; first force eval may take a few s to warm up)...
        [quench 9/15] step     0/20  T=  1363K  Epot=  -1099.1eV    0.0 steps/s  ETA   infs  (elapsed    0s)
      [quench 9/15] 400K 0.04ps (20 steps) done in 1s
      [quench 10/15] starting 20 steps @ 333K (177 atoms; first force eval may take a few s to warm up)...
        [quench 10/15] step     0/20  T=  1233K  Epot=  -1098.8eV    0.0 steps/s  ETA   infs  (elapsed    0s)
      [quench 10/15] 333K 0.04ps (20 steps) done in 1s
      [quench 11/15] starting 20 steps @ 267K (177 atoms; first force eval may take a few s to warm up)...
        [quench 11/15] step     0/20  T=  1314K  Epot=  -1101.3eV    0.0 steps/s  ETA   infs  (elapsed    0s)
      [quench 11/15] 267K 0.04ps (20 steps) done in 1s
      [quench 12/15] starting 20 steps @ 200K (177 atoms; first force eval may take a few s to warm up)...
        [quench 12/15] step     0/20  T=  1473K  Epot=  -1105.5eV    0.0 steps/s  ETA   infs  (elapsed    0s)
      [quench 12/15] 200K 0.04ps (20 steps) done in 1s
      [quench 13/15] starting 20 steps @ 133K (177 atoms; first force eval may take a few s to warm up)...
        [quench 13/15] step     0/20  T=  1335K  Epot=  -1104.9eV    0.0 steps/s  ETA   infs  (elapsed    0s)
      [quench 13/15] 133K 0.04ps (20 steps) done in 1s
      [quench 14/15] starting 20 steps @ 67K (177 atoms; first force eval may take a few s to warm up)...
        [quench 14/15] step     0/20  T=  1110K  Epot=  -1102.6eV    0.0 steps/s  ETA   infs  (elapsed    0s)
      [quench 14/15] 67K 0.04ps (20 steps) done in 1s
      [quench 15/15] starting 20 steps @ 1K (177 atoms; first force eval may take a few s to warm up)...
        [quench 15/15] step     0/20  T=  1196K  Epot=  -1105.3eV    0.0 steps/s  ETA   infs  (elapsed    0s)
      [quench 15/15] 1K 0.04ps (20 steps) done in 1s
      [surface-relax] step 25: fmax=0.411 eV/A (1s)
      [surface-relax] step 50: fmax=0.169 eV/A (3s)
      [surface-relax] step 75: fmax=0.136 eV/A (4s)
      [surface-relax] step 100: fmax=0.340 eV/A (5s)
      [surface-relax] step 125: fmax=0.163 eV/A (6s)
      [surface-relax] step 150: fmax=0.148 eV/A (8s)
      [surface-relax] step 175: fmax=0.094 eV/A (9s)
      [surface-relax] done: fmax=0.050 eV/A, converged (10s)
      [passivation] resolved close contacts in 2 sweeps
    anneal + relax (173 atoms)...
      [pre-relax] step 25: fmax=1.822 eV/A (1s)
      [pre-relax] step 50: fmax=1.013 eV/A (2s)
      [pre-relax] done: fmax=0.436 eV/A, stopped (fmax=0.43639156222343445) (3s)
      [anneal] starting 300 steps @ 1000K (173 atoms; first force eval may take a few s to warm up)...
        [anneal] step     0/300  T=   625K  Epot=  -1092.4eV    0.0 steps/s  ETA   infs  (elapsed    0s)
        [anneal] step    50/300  T=   388K  Epot=  -1087.6eV   30.7 steps/s  ETA     8s  (elapsed    2s)
        [anneal] step   100/300  T=   467K  Epot=  -1087.6eV   30.8 steps/s  ETA     6s  (elapsed    3s)
        [anneal] step   150/300  T=   606K  Epot=  -1088.0eV   30.8 steps/s  ETA     5s  (elapsed    5s)
        [anneal] step   200/300  T=   713K  Epot=  -1088.5eV   31.1 steps/s  ETA     3s  (elapsed    6s)
        [anneal] step   250/300  T=   740K  Epot=  -1087.4eV   31.2 steps/s  ETA     2s  (elapsed    8s)
        [anneal] step   300/300  T=   822K  Epot=  -1088.8eV   31.1 steps/s  ETA     0s  (elapsed   10s)
      [anneal] 1000K 0.6ps (300 steps) done in 10s
      [quench] 1000K -> 0K over 15 stages (0.6ps total)
      [quench 1/15] starting 20 steps @ 933K (173 atoms; first force eval may take a few s to warm up)...
        [quench 1/15] step     0/20  T=   822K  Epot=  -1088.8eV    0.0 steps/s  ETA   infs  (elapsed    0s)
      [quench 1/15] 933K 0.04ps (20 steps) done in 1s
      [quench 2/15] starting 20 steps @ 867K (173 atoms; first force eval may take a few s to warm up)...
        [quench 2/15] step     0/20  T=   839K  Epot=  -1089.2eV    0.0 steps/s  ETA   infs  (elapsed    0s)
      [quench 2/15] 867K 0.04ps (20 steps) done in 1s
      [quench 3/15] starting 20 steps @ 800K (173 atoms; first force eval may take a few s to warm up)...
        [quench 3/15] step     0/20  T=   791K  Epot=  -1088.3eV    0.0 steps/s  ETA   infs  (elapsed    0s)
      [quench 3/15] 800K 0.04ps (20 steps) done in 1s
      [quench 4/15] starting 20 steps @ 733K (173 atoms; first force eval may take a few s to warm up)...
        [quench 4/15] step     0/20  T=   844K  Epot=  -1089.5eV    0.0 steps/s  ETA   infs  (elapsed    0s)
      [quench 4/15] 733K 0.04ps (20 steps) done in 1s
      [quench 5/15] starting 20 steps @ 667K (173 atoms; first force eval may take a few s to warm up)...
        [quench 5/15] step     0/20  T=   807K  Epot=  -1089.4eV    0.0 steps/s  ETA   infs  (elapsed    0s)
      [quench 5/15] 667K 0.04ps (20 steps) done in 1s
      [quench 6/15] starting 20 steps @ 600K (173 atoms; first force eval may take a few s to warm up)...
        [quench 6/15] step     0/20  T=   824K  Epot=  -1089.5eV    0.0 steps/s  ETA   infs  (elapsed    0s)
      [quench 6/15] 600K 0.04ps (20 steps) done in 1s
      [quench 7/15] starting 20 steps @ 533K (173 atoms; first force eval may take a few s to warm up)...
        [quench 7/15] step     0/20  T=   864K  Epot=  -1090.1eV    0.0 steps/s  ETA   infs  (elapsed    0s)
      [quench 7/15] 533K 0.04ps (20 steps) done in 1s
      [quench 8/15] starting 20 steps @ 467K (173 atoms; first force eval may take a few s to warm up)...
        [quench 8/15] step     0/20  T=  1888K  Epot=  -1090.1eV    0.0 steps/s  ETA   infs  (elapsed    0s)
      [quench 8/15] 467K 0.04ps (20 steps) done in 1s
      [quench 9/15] starting 20 steps @ 400K (173 atoms; first force eval may take a few s to warm up)...
        [quench 9/15] step     0/20  T=  1469K  Epot=  -1077.8eV    0.0 steps/s  ETA   infs  (elapsed    0s)
      [quench 9/15] 400K 0.04ps (20 steps) done in 1s
      [quench 10/15] starting 20 steps @ 333K (173 atoms; first force eval may take a few s to warm up)...
        [quench 10/15] step     0/20  T=  1595K  Epot=  -1080.9eV    0.0 steps/s  ETA   infs  (elapsed    0s)
      [quench 10/15] 333K 0.04ps (20 steps) done in 1s
      [quench 11/15] starting 20 steps @ 267K (173 atoms; first force eval may take a few s to warm up)...
        [quench 11/15] step     0/20  T=  1495K  Epot=  -1080.4eV    0.0 steps/s  ETA   infs  (elapsed    0s)
      [quench 11/15] 267K 0.04ps (20 steps) done in 1s
      [quench 12/15] starting 20 steps @ 200K (173 atoms; first force eval may take a few s to warm up)...
        [quench 12/15] step     0/20  T=  1383K  Epot=  -1079.7eV    0.0 steps/s  ETA   infs  (elapsed    0s)
      [quench 12/15] 200K 0.04ps (20 steps) done in 1s
      [quench 13/15] starting 20 steps @ 133K (173 atoms; first force eval may take a few s to warm up)...
        [quench 13/15] step     0/20  T=  1352K  Epot=  -1080.7eV    0.0 steps/s  ETA   infs  (elapsed    0s)
      [quench 13/15] 133K 0.04ps (20 steps) done in 1s
      [quench 14/15] starting 20 steps @ 67K (173 atoms; first force eval may take a few s to warm up)...
        [quench 14/15] step     0/20  T=  1398K  Epot=  -1083.2eV    0.0 steps/s  ETA   infs  (elapsed    0s)
      [quench 14/15] 67K 0.04ps (20 steps) done in 1s
      [quench 15/15] starting 20 steps @ 1K (173 atoms; first force eval may take a few s to warm up)...
        [quench 15/15] step     0/20  T=  1435K  Epot=  -1085.7eV    0.0 steps/s  ETA   infs  (elapsed    0s)
      [quench 15/15] 1K 0.04ps (20 steps) done in 1s
      [surface-relax] step 25: fmax=0.460 eV/A (1s)
      [surface-relax] step 50: fmax=0.246 eV/A (2s)
      [surface-relax] step 75: fmax=0.190 eV/A (3s)
      [surface-relax] step 100: fmax=0.098 eV/A (5s)
      [surface-relax] done: fmax=0.047 eV/A, converged (6s)
[SiNx] bulk 0 term 0 (2000.0 K/ps): {'NH_bridge': np.float64(3.0), 'O_bridge': np.float64(0.5), 'NH2': np.float64(3.0)} | strained=2 R=1.3 | ACCEPT
[SiNx] bulk 0 term 1 (2000.0 K/ps): {'NH_bridge': np.float64(1.75), 'O_bridge': np.float64(1.5), 'NH2': np.float64(1.25)} | strained=0 R=1.01 | REJECT (NH2 density 1.25 outside [1.26,6.56] nm^-2)
